2025-08-25 14:36:43,888 - healthcare_audit - INFO - AUDIT: {'timestamp': '2025-08-25T14:36:43.888773', 'action': 'LOGIN_ATTEMPT', 'user_id': None, 'details': {'email': 'doctor@example.com', 'role': 'doctor'}}
2025-08-25 14:36:44,584 - healthcare_audit - INFO - AUDIT: {'timestamp': '2025-08-25T14:36:44.584506', 'action': 'LOGIN_FAILED', 'user_id': None, 'details': {'email': 'doctor@example.com', 'reason': 'user_not_found'}}
2025-08-25 14:36:53,462 - healthcare_audit - INFO - AUDIT: {'timestamp': '2025-08-25T14:36:53.462128', 'action': 'LOGIN_ATTEMPT', 'user_id': None, 'details': {'email': 'doctor@example.com', 'role': 'doctor'}}
2025-08-25 14:36:53,464 - healthcare_audit - INFO - AUDIT: {'timestamp': '2025-08-25T14:36:53.464555', 'action': 'LOGIN_FAILED', 'user_id': None, 'details': {'email': 'doctor@example.com', 'reason': 'user_not_found'}}
2025-08-25 14:36:55,144 - healthcare_audit - INFO - AUDIT: {'timestamp': '2025-08-25T14:36:55.144051', 'action': 'LOGIN_ATTEMPT', 'user_id': None, 'details': {'email': 'doctor@example.com', 'role': 'doctor'}}
2025-08-25 14:36:55,147 - healthcare_audit - INFO - AUDIT: {'timestamp': '2025-08-25T14:36:55.147587', 'action': 'LOGIN_FAILED', 'user_id': None, 'details': {'email': 'doctor@example.com', 'reason': 'user_not_found'}}
2025-08-25 14:37:31,469 - healthcare_audit - INFO - AUDIT: {'timestamp': '2025-08-25T14:37:31.469434', 'action': 'LOGIN_ATTEMPT', 'user_id': None, 'details': {'email': 'patient@example.com', 'role': 'patient'}}
2025-08-25 14:37:31,471 - healthcare_audit - INFO - AUDIT: {'timestamp': '2025-08-25T14:37:31.471464', 'action': 'LOGIN_FAILED', 'user_id': None, 'details': {'email': 'patient@example.com', 'reason': 'user_not_found'}}
2025-08-25 14:37:32,560 - healthcare_audit - INFO - AUDIT: {'timestamp': '2025-08-25T14:37:32.560863', 'action': 'LOGIN_ATTEMPT', 'user_id': None, 'details': {'email': 'patient@example.com', 'role': 'patient'}}
2025-08-25 14:37:32,562 - healthcare_audit - INFO - AUDIT: {'timestamp': '2025-08-25T14:37:32.562754', 'action': 'LOGIN_FAILED', 'user_id': None, 'details': {'email': 'patient@example.com', 'reason': 'user_not_found'}}
2025-08-25 14:43:32,499 - healthcare_audit - INFO - AUDIT: {'timestamp': '2025-08-25T14:43:32.499149', 'action': 'LOGIN_ATTEMPT', 'user_id': None, 'details': {'email': 'doctor@example.com', 'role': 'patient'}}
2025-08-25 14:43:32,504 - healthcare_audit - INFO - AUDIT: {'timestamp': '2025-08-25T14:43:32.504891', 'action': 'LOGIN_FAILED', 'user_id': None, 'details': {'email': 'doctor@example.com', 'reason': 'user_not_found'}}
2025-08-25 14:43:36,852 - healthcare_audit - INFO - AUDIT: {'timestamp': '2025-08-25T14:43:36.852832', 'action': 'LOGIN_ATTEMPT', 'user_id': None, 'details': {'email': 'doctor@example.com', 'role': 'doctor'}}
2025-08-25 14:43:36,858 - healthcare_audit - INFO - AUDIT: {'timestamp': '2025-08-25T14:43:36.858686', 'action': 'LOGIN_FAILED', 'user_id': None, 'details': {'email': 'doctor@example.com', 'reason': 'user_not_found'}}
2025-08-25 15:52:11,170 - passlib.handlers.bcrypt - WARNING - (trapped) error reading bcrypt version
Traceback (most recent call last):
  File "/home/ontrak-tech/.venv/rural-health/lib/python3.12/site-packages/passlib/handlers/bcrypt.py", line 620, in _load_backend_mixin
    version = _bcrypt.__about__.__version__
              ^^^^^^^^^^^^^^^^^
AttributeError: module 'bcrypt' has no attribute '__about__'
2025-08-25 15:52:11,784 - healthcare_audit - INFO - AUDIT: {'timestamp': '2025-08-25T15:52:11.784754', 'action': 'SUPER_ADMIN_CREATED', 'user_id': 1, 'details': {'email': 'admin@ontrakhealth.com'}}
2025-08-27 13:50:28,515 - healthcare_audit - INFO - AUDIT: {'timestamp': '2025-08-27T13:50:28.515562', 'action': 'LOGIN_ATTEMPT', 'user_id': None, 'details': {'email': 'patient1@example.com', 'role': 'patient'}}
2025-08-27 13:50:28,749 - healthcare_audit - INFO - AUDIT: {'timestamp': '2025-08-27T13:50:28.749611', 'action': 'LOGIN_FAILED', 'user_id': None, 'details': {'email': 'patient1@example.com', 'reason': 'user_not_found'}}
2025-08-27 13:56:11,569 - passlib.handlers.bcrypt - WARNING - (trapped) error reading bcrypt version
Traceback (most recent call last):
  File "/home/ontrak-tech/Work & Happiness/rural-health-platform/python-backend/.venv/lib/python3.12/site-packages/passlib/handlers/bcrypt.py", line 620, in _load_backend_mixin
    version = _bcrypt.__about__.__version__
              ^^^^^^^^^^^^^^^^^
AttributeError: module 'bcrypt' has no attribute '__about__'
2025-08-27 13:56:12,088 - healthcare_audit - INFO - AUDIT: {'timestamp': '2025-08-27T13:56:12.088685', 'action': 'PATIENT_REGISTERED', 'user_id': 1, 'details': {'email': 'patient1@example.com'}}
2025-08-27 13:57:04,547 - healthcare_audit - INFO - AUDIT: {'timestamp': '2025-08-27T13:57:04.547006', 'action': 'LOGIN_ATTEMPT', 'user_id': None, 'details': {'email': 'patient1@example.com', 'role': 'patient'}}
2025-08-27 13:57:05,035 - healthcare_audit - INFO - AUDIT: {'timestamp': '2025-08-27T13:57:05.035131', 'action': 'LOGIN_SUCCESS', 'user_id': 1, 'details': {'email': 'patient1@example.com'}}
2025-08-27 18:54:33,197 - healthcare_audit - INFO - AUDIT: {'timestamp': '2025-08-27T18:54:33.197384', 'action': 'SUPER_ADMIN_SETUP_FAILED', 'user_id': None, 'details': {'email': 'superadmin@example.com', 'reason': 'invalid_key'}}
2025-08-27 18:57:43,849 - healthcare_audit - INFO - AUDIT: {'timestamp': '2025-08-27T18:57:43.849853', 'action': 'SUPER_ADMIN_SETUP_FAILED', 'user_id': None, 'details': {'email': 'superadmin@example.com', 'reason': 'invalid_key'}}
2025-08-27 18:58:08,703 - slowapi - WARNING - ratelimit 1 per 1 minute (127.0.0.1) exceeded at endpoint: /api/auth/setup/super-admin
2025-08-27 18:58:56,067 - healthcare_audit - INFO - AUDIT: {'timestamp': '2025-08-27T18:58:56.067789', 'action': 'SUPER_ADMIN_SETUP_FAILED', 'user_id': None, 'details': {'email': 'superadmin@example.com', 'reason': 'invalid_key'}}
2025-08-27 19:03:59,003 - healthcare_audit - INFO - AUDIT: {'timestamp': '2025-08-27T19:03:59.003829', 'action': 'SUPER_ADMIN_SETUP_FAILED', 'user_id': None, 'details': {'email': 'superadmin@example.com', 'reason': 'invalid_key'}}
2025-08-27 19:05:58,100 - healthcare_audit - INFO - AUDIT: {'timestamp': '2025-08-27T19:05:58.100598', 'action': 'SUPER_ADMIN_SETUP_FAILED', 'user_id': None, 'details': {'email': 'superadmin@example.com', 'reason': 'invalid_key'}}
2025-08-27 19:10:48,484 - healthcare_audit - INFO - AUDIT: {'timestamp': '2025-08-27T19:10:48.483972', 'action': 'SUPER_ADMIN_SETUP_FAILED', 'user_id': None, 'details': {'email': 'superadmin@example.com', 'reason': 'invalid_key'}}
2025-08-27 19:14:05,881 - healthcare_audit - INFO - AUDIT: {'timestamp': '2025-08-27T19:14:05.881462', 'action': 'SUPER_ADMIN_SETUP_FAILED', 'user_id': None, 'details': {'email': 'superadmin@example.com', 'reason': 'invalid_key'}}
2025-08-27 19:19:53,669 - healthcare_audit - INFO - AUDIT: {'timestamp': '2025-08-27T19:19:53.669279', 'action': 'SUPER_ADMIN_SETUP_FAILED', 'user_id': None, 'details': {'email': 'superadmin@example.com', 'reason': 'invalid_key'}}
2025-08-27 19:21:12,348 - healthcare_audit - INFO - AUDIT: {'timestamp': '2025-08-27T19:21:12.348681', 'action': 'SUPER_ADMIN_SETUP_FAILED', 'user_id': None, 'details': {'email': 'superadmin@example.com', 'reason': 'invalid_key'}}
2025-08-27 19:21:57,302 - slowapi - WARNING - ratelimit 1 per 1 minute (127.0.0.1) exceeded at endpoint: /api/auth/setup/super-admin
2025-08-27 19:24:24,097 - healthcare_audit - INFO - AUDIT: {'timestamp': '2025-08-27T19:24:24.097882', 'action': 'SUPER_ADMIN_SETUP_FAILED', 'user_id': None, 'details': {'email': 'superadmin@example.com', 'reason': 'invalid_key'}}
2025-09-03 15:14:55,786 - healthcare_audit - INFO - AUDIT: {'timestamp': '2025-09-03T15:14:55.786500', 'action': 'LOGIN_ATTEMPT', 'user_id': None, 'details': {'email': 'patient1@example.com', 'role': 'patient'}}
2025-09-03 15:14:56,388 - passlib.handlers.bcrypt - WARNING - (trapped) error reading bcrypt version
Traceback (most recent call last):
  File "/home/ontrak-tech/Work & Happiness/rural-health-platform/python-backend/.venv/lib/python3.12/site-packages/passlib/handlers/bcrypt.py", line 620, in _load_backend_mixin
    version = _bcrypt.__about__.__version__
              ^^^^^^^^^^^^^^^^^
AttributeError: module 'bcrypt' has no attribute '__about__'
2025-09-03 15:14:56,860 - healthcare_audit - INFO - AUDIT: {'timestamp': '2025-09-03T15:14:56.860176', 'action': 'LOGIN_SUCCESS', 'user_id': 1, 'details': {'email': 'patient1@example.com'}}
2025-09-03 15:25:21,999 - healthcare_audit - INFO - AUDIT: {'timestamp': '2025-09-03T15:25:21.999332', 'action': 'LOGIN_ATTEMPT', 'user_id': None, 'details': {'email': 'patient1@example.com', 'role': 'patient'}}
2025-09-03 15:25:22,335 - healthcare_audit - INFO - AUDIT: {'timestamp': '2025-09-03T15:25:22.335346', 'action': 'LOGIN_SUCCESS', 'user_id': 1, 'details': {'email': 'patient1@example.com'}}
